
> ai-image-generator-root@1.0.0 dev
> concurrently "npm run start:backend" "npm run start:frontend"

[0] 
[0] > ai-image-generator-root@1.0.0 start:backend
[0] > npm start --prefix backend
[0] 
[1] 
[1] > ai-image-generator-root@1.0.0 start:frontend
[1] > npm run dev --prefix frontend
[1] 
[1] 
[1] > frontend@0.0.0 dev
[1] > vite
[1] 
[0] 
[0] > backend@1.0.0 start
[0] > node --loader ts-node/esm src/index.ts
[0] 
[1] 
[1]   VITE v8.0.14  ready in 318 ms
[1] 
[1]   ➜  Local:   http://localhost:3000/
[1]   ➜  Network: use --host to expose
[0] (node:98619) ExperimentalWarning: `--experimental-loader` may be removed in the future; instead use `register()`:
[0] --import 'data:text/javascript,import { register } from "node:module"; import { pathToFileURL } from "node:url"; register("ts-node/esm", pathToFileURL("./"));'
[0] (Use `node --trace-warnings ...` to show where the warning was created)
[0] (node:98619) [DEP0180] DeprecationWarning: fs.Stats constructor is deprecated.
[0] (Use `node --trace-deprecation ...` to show where the warning was created)
[0] ◇ injected env (0) from .env // tip: ⌘ multiple files { path: ['.env.local', '.env'] }
[0] Server is running on port 5000
[0] Generating image for: "A magical forest with glowing mushrooms", Style: Realistic, Aspect: 1:1
[0] No HF_TOKEN found, falling back to mock.
[0] Terminated
[0] npm run start:backend exited with code 143
[1] npm run start:frontend exited with code 143
